<testsuite failures="0" name="src/test/java/features/CovidSample.feature" skipped="0" tests="2" time="0.061544">
  <testcase classname="src.test.java.features.CovidSample" name="First Print Cases" time="0.008127">
    <system-out>* print 'Find out Covid cases' ............................................ passed
* print 'Home Learning' ................................................... passed</system-out>
  </testcase>
  <testcase classname="src.test.java.features.CovidSample" name="Calculate Interest" time="0.053417">
    <system-out>* print 'Find out Covid cases' ............................................ passed
* print 'Home Learning' ................................................... passed
* def principle = 1000 .................................................... passed
* def rate = 7 ............................................................ passed
* def Months = 10 ......................................................... passed
* print 'Interest -&gt;' + principle * rate/100 * Months/12 .................. passed</system-out>
  </testcase>
</testsuite>
